<?xml version="1.0" encoding="UTF-8"?>
<coverage generated="1782995736781" clover="3.2.0">
  <project timestamp="1782995736781" name="All files">
    <metrics statements="7" coveredstatements="7" conditionals="4" coveredconditionals="4" methods="4" coveredmethods="4" elements="15" coveredelements="15" complexity="0" loc="7" ncloc="7" packages="1" files="2" classes="2"/>
    <file name="get-book-by-id.usecase.ts" path="C:\Users\darth\OneDrive\Área de Trabalho\ibm-books-api\src\application\usecases\get-book-by-id.usecase.ts">
      <metrics statements="3" coveredstatements="3" conditionals="0" coveredconditionals="0" methods="2" coveredmethods="2"/>
      <line num="4" count="1" type="stmt"/>
      <line num="5" count="2" type="stmt"/>
      <line num="8" count="2" type="stmt"/>
    </file>
    <file name="search-books.usecase.ts" path="C:\Users\darth\OneDrive\Área de Trabalho\ibm-books-api\src\application\usecases\search-books.usecase.ts">
      <metrics statements="4" coveredstatements="4" conditionals="4" coveredconditionals="4" methods="2" coveredmethods="2"/>
      <line num="4" count="1" type="stmt"/>
      <line num="5" count="2" type="stmt"/>
      <line num="9" count="2" type="cond" truecount="4" falsecount="0"/>
      <line num="11" count="2" type="stmt"/>
    </file>
  </project>
</coverage>
