{"C:\\Users\\darth\\OneDrive\\Área de Trabalho\\ibm-books-api\\src\\application\\usecases\\get-book-by-id.usecase.ts": {"path":"C:\\Users\\darth\\OneDrive\\Área de Trabalho\\ibm-books-api\\src\\application\\usecases\\get-book-by-id.usecase.ts","statementMap":{"0":{"start":{"line":5,"column":22},"end":{"line":5,"column":52}},"1":{"start":{"line":8,"column":4},"end":{"line":8,"column":50}},"2":{"start":{"line":4,"column":0},"end":{"line":4,"column":13}}},"fnMap":{"0":{"name":"(anonymous_0)","decl":{"start":{"line":5,"column":2},"end":{"line":5,"column":22}},"loc":{"start":{"line":5,"column":52},"end":{"line":5,"column":56}}},"1":{"name":"(anonymous_1)","decl":{"start":{"line":7,"column":2},"end":{"line":7,"column":7}},"loc":{"start":{"line":7,"column":26},"end":{"line":9,"column":3}}}},"branchMap":{},"s":{"0":2,"1":2,"2":1},"f":{"0":2,"1":2},"b":{}}
,"C:\\Users\\darth\\OneDrive\\Área de Trabalho\\ibm-books-api\\src\\application\\usecases\\search-books.usecase.ts": {"path":"C:\\Users\\darth\\OneDrive\\Área de Trabalho\\ibm-books-api\\src\\application\\usecases\\search-books.usecase.ts","statementMap":{"0":{"start":{"line":5,"column":22},"end":{"line":5,"column":52}},"1":{"start":{"line":9,"column":18},"end":{"line":9,"column":71}},"2":{"start":{"line":11,"column":4},"end":{"line":14,"column":7}},"3":{"start":{"line":4,"column":0},"end":{"line":4,"column":13}}},"fnMap":{"0":{"name":"(anonymous_0)","decl":{"start":{"line":5,"column":2},"end":{"line":5,"column":22}},"loc":{"start":{"line":5,"column":52},"end":{"line":5,"column":56}}},"1":{"name":"(anonymous_1)","decl":{"start":{"line":7,"column":2},"end":{"line":7,"column":7}},"loc":{"start":{"line":7,"column":36},"end":{"line":15,"column":3}}}},"branchMap":{"0":{"loc":{"start":{"line":9,"column":18},"end":{"line":9,"column":71}},"type":"cond-expr","locations":[{"start":{"line":9,"column":54},"end":{"line":9,"column":56}},{"start":{"line":9,"column":59},"end":{"line":9,"column":71}}]},"1":{"loc":{"start":{"line":9,"column":18},"end":{"line":9,"column":51}},"type":"binary-expr","locations":[{"start":{"line":9,"column":18},"end":{"line":9,"column":30}},{"start":{"line":9,"column":34},"end":{"line":9,"column":51}}]}},"s":{"0":2,"1":2,"2":2,"3":1},"f":{"0":2,"1":2},"b":{"0":[1,1],"1":[2,2]}}
}
